{"/home/andre.marinho/src/estudos/ci_node/src/soma.js": {"path":"/home/andre.marinho/src/estudos/ci_node/src/soma.js","statementMap":{"0":{"start":{"line":1,"column":0},"end":{"line":1,"column":25}},"1":{"start":{"line":4,"column":4},"end":{"line":4,"column":17}},"2":{"start":{"line":7,"column":2},"end":{"line":7,"column":24}}},"fnMap":{"0":{"name":"soma","decl":{"start":{"line":3,"column":9},"end":{"line":3,"column":13}},"loc":{"start":{"line":3,"column":20},"end":{"line":5,"column":3}},"line":3}},"branchMap":{},"s":{"0":1,"1":3,"2":1},"f":{"0":3},"b":{},"_coverageSchema":"1a1c01bbd47fc00a2c39e90264f33305004495a9","hash":"a82f0aab1e58e160451ccaff33790a53cde8184c"}
}
